{
  "RSpec": {
    "coverage": {
      "/Users/dariathompson/Desktop/Projects/week-8/acebook-5Makerteers/spec/controllers/posts_controller_spec.rb": [
        1,
        null,
        1,
        1,
        1,
        1,
        1,
        null,
        null,
        null,
        1,
        2,
        1,
        4,
        null,
        1,
        1,
        1,
        null,
        null,
        null,
        1,
        2,
        1,
        4,
        null,
        null,
        1,
        1,
        1,
        null,
        null,
        null,
        null,
        null,
        null,
        null,
        null,
        null,
        null,
        null,
        1,
        1,
        1,
        1,
        null,
        null,
        null,
        1,
        null,
        2,
        1,
        2,
        null,
        null,
        1,
        null,
        1,
        1,
        0,
        null,
        0,
        0,
        null,
        null,
        null,
        null
      ],
      "/Users/dariathompson/Desktop/Projects/week-8/acebook-5Makerteers/spec/rails_helper.rb": [
        null,
        1,
        1,
        null,
        1,
        1,
        1,
        null,
        null,
        null,
        null,
        null,
        null,
        null,
        null,
        null,
        null,
        null,
        null,
        null,
        null,
        null,
        null,
        null,
        null,
        null,
        1,
        null,
        1,
        null,
        1,
        null,
        null,
        null,
        null,
        1,
        null,
        null,
        null,
        null,
        null,
        null,
        null,
        null,
        null,
        null,
        null,
        null,
        null,
        null,
        1,
        null,
        null,
        1,
        null,
        null,
        null
      ],
      "/Users/dariathompson/Desktop/Projects/week-8/acebook-5Makerteers/config/environment.rb": [
        null,
        1,
        null,
        null,
        1
      ],
      "/Users/dariathompson/Desktop/Projects/week-8/acebook-5Makerteers/config/application.rb": [
        1,
        null,
        1,
        null,
        null,
        null,
        1,
        null,
        1,
        1,
        null,
        1,
        null,
        null,
        null,
        null,
        null,
        null
      ],
      "/Users/dariathompson/Desktop/Projects/week-8/acebook-5Makerteers/config/boot.rb": [
        1,
        null,
        1
      ],
      "/Users/dariathompson/Desktop/Projects/week-8/acebook-5Makerteers/config/environments/test.rb": [
        1,
        null,
        null,
        null,
        null,
        null,
        null,
        1,
        null,
        null,
        null,
        null,
        1,
        null,
        null,
        1,
        1,
        null,
        null,
        null,
        null,
        1,
        1,
        null,
        null,
        1,
        null,
        null,
        1,
        1,
        null,
        null,
        null,
        null,
        1,
        null,
        null,
        1,
        null,
        null,
        null,
        null
      ],
      "/Users/dariathompson/Desktop/Projects/week-8/acebook-5Makerteers/config/initializers/application_controller_renderer.rb": [
        null,
        null,
        null,
        null,
        null,
        null
      ],
      "/Users/dariathompson/Desktop/Projects/week-8/acebook-5Makerteers/config/initializers/assets.rb": [
        null,
        null,
        null,
        1,
        null,
        null,
        null,
        null,
        1,
        null,
        null,
        null,
        null,
        null
      ],
      "/Users/dariathompson/Desktop/Projects/week-8/acebook-5Makerteers/config/initializers/backtrace_silencers.rb": [
        null,
        null,
        null,
        null,
        null,
        null,
        null
      ],
      "/Users/dariathompson/Desktop/Projects/week-8/acebook-5Makerteers/config/initializers/cookies_serializer.rb": [
        null,
        null,
        null,
        null,
        1
      ],
      "/Users/dariathompson/Desktop/Projects/week-8/acebook-5Makerteers/config/initializers/filter_parameter_logging.rb": [
        null,
        null,
        null,
        1
      ],
      "/Users/dariathompson/Desktop/Projects/week-8/acebook-5Makerteers/config/initializers/inflections.rb": [
        null,
        null,
        null,
        null,
        null,
        null,
        null,
        null,
        null,
        null,
        null,
        null,
        null,
        null,
        null,
        null
      ],
      "/Users/dariathompson/Desktop/Projects/week-8/acebook-5Makerteers/config/initializers/mime_types.rb": [
        null,
        null,
        null,
        null
      ],
      "/Users/dariathompson/Desktop/Projects/week-8/acebook-5Makerteers/config/initializers/wrap_parameters.rb": [
        null,
        null,
        null,
        null,
        null,
        null,
        1,
        2,
        null,
        null,
        null,
        null,
        null,
        null
      ],
      "/Users/dariathompson/Desktop/Projects/week-8/acebook-5Makerteers/config/routes.rb": [
        1,
        1,
        null,
        1,
        null,
        1,
        null,
        null,
        null,
        null,
        1,
        null,
        null,
        null,
        null,
        null,
        1,
        1,
        1,
        null,
        1,
        1,
        1,
        1,
        null
      ],
      "/Users/dariathompson/Desktop/Projects/week-8/acebook-5Makerteers/app/helpers/application_helper.rb": [
        1,
        null
      ],
      "/Users/dariathompson/Desktop/Projects/week-8/acebook-5Makerteers/app/helpers/form_helper.rb": [
        1,
        1,
        30,
        null,
        null,
        1,
        30,
        30,
        null,
        30,
        30,
        30,
        30,
        null,
        null,
        null
      ],
      "/Users/dariathompson/Desktop/Projects/week-8/acebook-5Makerteers/app/helpers/sessions_helper.rb": [
        1,
        null
      ],
      "/Users/dariathompson/Desktop/Projects/week-8/acebook-5Makerteers/app/helpers/users_helper.rb": [
        1,
        null
      ],
      "/Users/dariathompson/Desktop/Projects/week-8/acebook-5Makerteers/app/controllers/posts_controller.rb": [
        1,
        1,
        1,
        4,
        null,
        null,
        1,
        0,
        null,
        0,
        0,
        null,
        null,
        null,
        1,
        5,
        5,
        5,
        null,
        0,
        null,
        null,
        null,
        1,
        18,
        null,
        null,
        1,
        1,
        1,
        null,
        0,
        0,
        null,
        0,
        null,
        null,
        null,
        null,
        null,
        null,
        1,
        0,
        0,
        0,
        null,
        0,
        0,
        null,
        null,
        null,
        null,
        1,
        null,
        1,
        5,
        null,
        null
      ],
      "/Users/dariathompson/Desktop/Projects/week-8/acebook-5Makerteers/app/controllers/application_controller.rb": [
        1,
        1,
        1,
        1,
        83,
        44,
        null,
        39,
        null,
        null,
        null,
        1,
        null,
        1,
        53,
        53,
        null,
        null
      ],
      "/Users/dariathompson/Desktop/Projects/week-8/acebook-5Makerteers/spec/controllers/sessions_controller_spec.rb": [
        1,
        null,
        1,
        null,
        1,
        1,
        1,
        1,
        null,
        null,
        null,
        1,
        1,
        1,
        1,
        null,
        null,
        null,
        1,
        1,
        1,
        1,
        null,
        null,
        null
      ],
      "/Users/dariathompson/Desktop/Projects/week-8/acebook-5Makerteers/app/controllers/sessions_controller.rb": [
        1,
        1,
        null,
        null,
        null,
        1,
        2,
        2,
        1,
        1,
        null,
        1,
        1,
        null,
        null,
        null,
        1,
        3,
        3,
        null,
        null
      ],
      "/Users/dariathompson/Desktop/Projects/week-8/acebook-5Makerteers/spec/controllers/users_controller_spec.rb": [
        1,
        null,
        1,
        null,
        1,
        1,
        1,
        1,
        null,
        null,
        1,
        1,
        1,
        1,
        null,
        null,
        null,
        null
      ],
      "/Users/dariathompson/Desktop/Projects/week-8/acebook-5Makerteers/app/controllers/users_controller.rb": [
        1,
        1,
        9,
        null,
        null,
        1,
        8,
        8,
        6,
        null,
        2,
        2,
        null,
        8,
        null,
        null,
        1,
        null,
        1,
        8,
        null,
        null
      ],
      "/Users/dariathompson/Desktop/Projects/week-8/acebook-5Makerteers/spec/features/user_authentication_spec.rb": [
        1,
        null,
        1,
        1,
        1,
        1,
        1,
        1,
        1,
        1,
        1,
        null,
        null,
        1,
        1,
        1,
        1,
        1,
        1,
        1,
        1,
        null,
        null,
        null,
        null,
        null,
        null,
        null,
        null,
        null,
        null,
        null,
        null,
        null
      ],
      "/Users/dariathompson/Desktop/Projects/week-8/acebook-5Makerteers/spec/features/user_registration_spec.rb": [
        1,
        null,
        1,
        null,
        1,
        1,
        1,
        1,
        1,
        1,
        1,
        null,
        null,
        1,
        1,
        1,
        1,
        1,
        1,
        1,
        null,
        null,
        1,
        1,
        1,
        1,
        1,
        1,
        1,
        null,
        null,
        1,
        1,
        1,
        1,
        1,
        1,
        1,
        null,
        null
      ],
      "/Users/dariathompson/Desktop/Projects/week-8/acebook-5Makerteers/spec/features/users_can_submit_posts_spec.rb": [
        1,
        null,
        null,
        null,
        1,
        null,
        1,
        3,
        3,
        3,
        3,
        3,
        3,
        3,
        3,
        3,
        null,
        null,
        1,
        1,
        1,
        null,
        null,
        1,
        1,
        1,
        null,
        null,
        1,
        1,
        1,
        1,
        null,
        null,
        1,
        1,
        1,
        1,
        1,
        null,
        null
      ],
      "/Users/dariathompson/Desktop/Projects/week-8/acebook-5Makerteers/spec/helpers/sessions_helper_spec.rb": [
        1,
        null,
        null,
        null,
        null,
        null,
        null,
        null,
        null,
        null,
        null,
        null,
        1,
        1,
        null
      ],
      "/Users/dariathompson/Desktop/Projects/week-8/acebook-5Makerteers/spec/helpers/users_helper_spec.rb": [
        1,
        null,
        null,
        null,
        null,
        null,
        null,
        null,
        null,
        null,
        null,
        null,
        1,
        1,
        null
      ],
      "/Users/dariathompson/Desktop/Projects/week-8/acebook-5Makerteers/spec/models/post_spec.rb": [
        1,
        null,
        1,
        2,
        null
      ],
      "/Users/dariathompson/Desktop/Projects/week-8/acebook-5Makerteers/app/models/post.rb": [
        1,
        1,
        null,
        null
      ],
      "/Users/dariathompson/Desktop/Projects/week-8/acebook-5Makerteers/app/models/application_record.rb": [
        1,
        1,
        null
      ],
      "/Users/dariathompson/Desktop/Projects/week-8/acebook-5Makerteers/spec/models/user_spec.rb": [
        1,
        null,
        1,
        1,
        4,
        null,
        1,
        1,
        null,
        null,
        1,
        1,
        1,
        null,
        null,
        1,
        1,
        1,
        null,
        null,
        1,
        1,
        1,
        null,
        null,
        null,
        null,
        null,
        null,
        null,
        null,
        null,
        null,
        null,
        null,
        null,
        null,
        null,
        null,
        null,
        null,
        null
      ],
      "/Users/dariathompson/Desktop/Projects/week-8/acebook-5Makerteers/app/models/user.rb": [
        1,
        1,
        1,
        1,
        1,
        1,
        1,
        1,
        1,
        null,
        1,
        null
      ],
      "/Users/dariathompson/Desktop/Projects/week-8/acebook-5Makerteers/spec/views/sessions/create.html.erb_spec.rb": [
        1,
        null,
        1,
        1,
        null
      ],
      "/Users/dariathompson/Desktop/Projects/week-8/acebook-5Makerteers/spec/views/sessions/destroy.html.erb_spec.rb": [
        1,
        null,
        1,
        1,
        null
      ],
      "/Users/dariathompson/Desktop/Projects/week-8/acebook-5Makerteers/spec/views/sessions/new.html.erb_spec.rb": [
        1,
        null,
        1,
        1,
        null
      ],
      "/Users/dariathompson/Desktop/Projects/week-8/acebook-5Makerteers/spec/views/user/index.html.erb_spec.rb": [
        1,
        null,
        1,
        1,
        null
      ]
    },
    "timestamp": 1586426295
  }
}
